<?xml version="1.0" encoding="UTF-8"?>
<!-- Generated by org.testng.reporters.JUnitXMLReporter -->
<testsuite ignored="0" hostname="Sathish" failures="1" tests="1" name="Test2" time="68.273" errors="0" timestamp="03 Aug 2022 14:11:26 GMT">
  <testcase classname="practice.ValidationCheck" name="validation" time="6.838">
    <failure type="java.lang.AssertionError" message="expected [FEATURED COURSESes] but found [FEATURED COURSES]">
      <![CDATA[java.lang.AssertionError: expected [FEATURED COURSESes] but found [FEATURED COURSES]
at practice.ValidationCheck.validation(ValidationCheck.java:37)
at java.base/java.util.concurrent.FutureTask.run(FutureTask.java:264)
at java.base/java.util.concurrent.ThreadPoolExecutor.runWorker(ThreadPoolExecutor.java:1136)
at java.base/java.util.concurrent.ThreadPoolExecutor$Worker.run(ThreadPoolExecutor.java:635)
at java.base/java.lang.Thread.run(Thread.java:833)
... Removed 22 stack frames]]>
    </failure>
  </testcase> <!-- validation -->
</testsuite> <!-- Test2 -->
