<?xml version="1.0" encoding="UTF-8"?>
<!-- Generated by org.testng.reporters.JUnitXMLReporter -->
<testsuite hostname="Sathish" ignored="0" name="Test2" tests="1" failures="1" timestamp="03 Aug 2022 14:45:58 GMT" time="308.76" errors="0">
  <testcase name="validation" time="4.776" classname="practice.ValidationCheck">
    <failure type="java.lang.AssertionError" message="expected [FEATURED COURSESes] but found [FEATURED COURSES]">
      <![CDATA[java.lang.AssertionError: expected [FEATURED COURSESes] but found [FEATURED COURSES]
at practice.ValidationCheck.validation(ValidationCheck.java:37)
at java.util.concurrent.FutureTask.run(FutureTask.java:266)
at java.util.concurrent.ThreadPoolExecutor.runWorker(ThreadPoolExecutor.java:1149)
at java.util.concurrent.ThreadPoolExecutor$Worker.run(ThreadPoolExecutor.java:624)
at java.lang.Thread.run(Thread.java:748)
... Removed 22 stack frames]]>
    </failure>
  </testcase> <!-- validation -->
</testsuite> <!-- Test2 -->
